This file contains any messages produced by compilers while
running configure, to aid debugging if configure makes a mistake.

It was created by configure, which was
generated by GNU Autoconf 2.69.  Invocation command line was

  $ ./configure 

## --------- ##
## Platform. ##
## --------- ##

hostname = fgs
uname -m = x86_64
uname -r = 5.15.0-53-generic
uname -s = Linux
uname -v = #59~20.04.1-Ubuntu SMP Thu Oct 20 15:10:22 UTC 2022

/usr/bin/uname -p = x86_64
/bin/uname -X     = unknown

/bin/arch              = x86_64
/usr/bin/arch -k       = unknown
/usr/convex/getsysinfo = unknown
/usr/bin/hostinfo      = unknown
/bin/machine           = unknown
/usr/bin/oslevel       = unknown
/bin/universe          = unknown

PATH: /home/fgs/ikos-master/install/bin
PATH: /usr/local/mpich/bin
PATH: /usr/local/cuda-11.4/bin
PATH: /home/fgs/.opam/4.06.1+flambda/bin
PATH: /home/fgs/.local/share/umake/bin
PATH: /home/fgs/ikos-master/install/bin
PATH: /usr/local/mpich/bin
PATH: /usr/local/cuda-11.4/bin
PATH: /home/fgs/.opam/4.04.1/bin
PATH: /home/fgs/.local/share/umake/bin
PATH: /usr/local/sbin
PATH: /usr/local/bin
PATH: /usr/sbin
PATH: /usr/bin
PATH: /sbin
PATH: /bin
PATH: /usr/games
PATH: /usr/local/games
PATH: /snap/bin


## ----------- ##
## Core tests. ##
## ----------- ##

configure:2253: checking for gcc
configure:2269: found /usr/bin/gcc
configure:2280: result: gcc
configure:2509: checking for C compiler version
configure:2518: gcc --version >&5
gcc (Ubuntu 9.4.0-1ubuntu1~20.04.1) 9.4.0
Copyright (C) 2019 Free Software Foundation, Inc.
This is free software; see the source for copying conditions.  There is NO
warranty; not even for MERCHANTABILITY or FITNESS FOR A PARTICULAR PURPOSE.

configure:2529: $? = 0
configure:2518: gcc -v >&5
Using built-in specs.
COLLECT_GCC=gcc
COLLECT_LTO_WRAPPER=/usr/lib/gcc/x86_64-linux-gnu/9/lto-wrapper
OFFLOAD_TARGET_NAMES=nvptx-none:hsa
OFFLOAD_TARGET_DEFAULT=1
Target: x86_64-linux-gnu
Configured with: ../src/configure -v --with-pkgversion='Ubuntu 9.4.0-1ubuntu1~20.04.1' --with-bugurl=file:///usr/share/doc/gcc-9/README.Bugs --enable-languages=c,ada,c++,go,brig,d,fortran,objc,obj-c++,gm2 --prefix=/usr --with-gcc-major-version-only --program-suffix=-9 --program-prefix=x86_64-linux-gnu- --enable-shared --enable-linker-build-id --libexecdir=/usr/lib --without-included-gettext --enable-threads=posix --libdir=/usr/lib --enable-nls --enable-clocale=gnu --enable-libstdcxx-debug --enable-libstdcxx-time=yes --with-default-libstdcxx-abi=new --enable-gnu-unique-object --disable-vtable-verify --enable-plugin --enable-default-pie --with-system-zlib --with-target-system-zlib=auto --enable-objc-gc=auto --enable-multiarch --disable-werror --with-arch-32=i686 --with-abi=m64 --with-multilib-list=m32,m64,mx32 --enable-multilib --with-tune=generic --enable-offload-targets=nvptx-none=/build/gcc-9-Av3uEd/gcc-9-9.4.0/debian/tmp-nvptx/usr,hsa --without-cuda-driver --enable-checking=release --build=x86_64-linux-gnu --host=x86_64-linux-gnu --target=x86_64-linux-gnu
Thread model: posix
gcc version 9.4.0 (Ubuntu 9.4.0-1ubuntu1~20.04.1) 
configure:2529: $? = 0
configure:2518: gcc -V >&5
gcc: error: unrecognized command line option '-V'
gcc: fatal error: no input files
compilation terminated.
configure:2529: $? = 1
configure:2518: gcc -qversion >&5
gcc: error: unrecognized command line option '-qversion'; did you mean '--version'?
gcc: fatal error: no input files
compilation terminated.
configure:2529: $? = 1
configure:2549: checking whether the C compiler works
configure:2571: gcc    conftest.c  >&5
configure:2575: $? = 0
configure:2623: result: yes
configure:2626: checking for C compiler default output file name
configure:2628: result: a.out
configure:2634: checking for suffix of executables
configure:2641: gcc -o conftest    conftest.c  >&5
configure:2645: $? = 0
configure:2667: result: 
configure:2689: checking whether we are cross compiling
configure:2697: gcc -o conftest    conftest.c  >&5
configure:2701: $? = 0
configure:2708: ./conftest
configure:2712: $? = 0
configure:2700: result: no
configure:2705: checking for suffix of object files
configure:2727: gcc -c   conftest.c >&5
configure:2731: $? = 0
configure:2752: result: o
configure:2756: checking whether we are using the GNU C compiler
configure:2775: gcc -c   conftest.c >&5
configure:2775: $? = 0
configure:2784: result: yes
configure:2793: checking whether gcc accepts -g
configure:2813: gcc -c -g  conftest.c >&5
configure:2813: $? = 0
configure:2854: result: yes
configure:2871: checking for gcc option to accept ISO C89
configure:2934: gcc  -c -g -O2  conftest.c >&5
configure:2934: $? = 0
configure:2947: result: none needed
configure:3011: checking for a BSD-compatible install
configure:3079: result: /usr/bin/install -c
configure:3098: checking build system type
configure:3112: result: x86_64-unknown-linux-gnu
configure:3132: checking host system type
configure:3145: result: x86_64-unknown-linux-gnu
configure:3165: checking target system type
configure:3178: result: x86_64-unknown-linux-gnu
configure:3217: checking for msvc cl.exe (optional)
configure:3233: result: not found
configure:3285: checking for ocamlc
configure:3301: found /home/fgs/.opam/4.06.1+flambda/bin/ocamlc
configure:3312: result: ocamlc
configure:3337: result: OCaml version is 4.06.1
configure:3346: result: OCaml library path is /home/fgs/.opam/4.06.1+flambda/lib/ocaml
configure:3396: checking for ocamlopt
configure:3412: found /home/fgs/.opam/4.06.1+flambda/bin/ocamlopt
configure:3423: result: ocamlopt
configure:3506: checking for ocamlc.opt
configure:3522: found /home/fgs/.opam/4.06.1+flambda/bin/ocamlc.opt
configure:3533: result: ocamlc.opt
configure:3610: checking for ocamlopt.opt
configure:3626: found /home/fgs/.opam/4.06.1+flambda/bin/ocamlopt.opt
configure:3637: result: ocamlopt.opt
configure:3676: checking for dynlink.cmxa
configure:3680: result: yes
configure:3734: checking for ocaml
configure:3750: found /home/fgs/.opam/4.06.1+flambda/bin/ocaml
configure:3761: result: ocaml
configure:3828: checking for ocamldep
configure:3844: found /home/fgs/.opam/4.06.1+flambda/bin/ocamldep
configure:3855: result: ocamldep
configure:3922: checking for ocamlmktop
configure:3938: found /home/fgs/.opam/4.06.1+flambda/bin/ocamlmktop
configure:3949: result: ocamlmktop
configure:4016: checking for ocamlmklib
configure:4032: found /home/fgs/.opam/4.06.1+flambda/bin/ocamlmklib
configure:4043: result: ocamlmklib
configure:4110: checking for ocamldoc
configure:4126: found /home/fgs/.opam/4.06.1+flambda/bin/ocamldoc
configure:4137: result: ocamldoc
configure:4204: checking for ocamlbuild
configure:4220: found /home/fgs/.opam/4.06.1+flambda/bin/ocamlbuild
configure:4231: result: ocamlbuild
configure:4306: checking for ocamllex
configure:4322: found /home/fgs/.opam/4.06.1+flambda/bin/ocamllex
configure:4333: result: ocamllex
configure:4399: checking for ocamllex.opt
configure:4415: found /home/fgs/.opam/4.06.1+flambda/bin/ocamllex.opt
configure:4426: result: ocamllex.opt
configure:4501: checking for ocamlyacc
configure:4517: found /home/fgs/.opam/4.06.1+flambda/bin/ocamlyacc
configure:4528: result: ocamlyacc
configure:4601: checking for ocamlfind
configure:4617: found /home/fgs/.opam/4.06.1+flambda/bin/ocamlfind
configure:4628: result: ocamlfind
configure:4701: checking for perl
configure:4717: found /usr/bin/perl
configure:4728: result: perl
configure:4758: checking for cygpath
configure:4788: result: no
configure:4798: checking for gcc version
configure:4806: checking how to run the C preprocessor
configure:4837: gcc -E  conftest.c
configure:4837: $? = 0
configure:4851: gcc -E  conftest.c
conftest.c:9:10: fatal error: ac_nonexistent.h: No such file or directory
    9 | #include <ac_nonexistent.h>
      |          ^~~~~~~~~~~~~~~~~~
compilation terminated.
configure:4851: $? = 1
configure: failed program was:
| /* confdefs.h */
| #define PACKAGE_NAME ""
| #define PACKAGE_TARNAME ""
| #define PACKAGE_VERSION ""
| #define PACKAGE_STRING ""
| #define PACKAGE_BUGREPORT ""
| #define PACKAGE_URL ""
| /* end confdefs.h.  */
| #include <ac_nonexistent.h>
configure:4876: result: gcc -E
configure:4896: gcc -E  conftest.c
configure:4896: $? = 0
configure:4910: gcc -E  conftest.c
conftest.c:9:10: fatal error: ac_nonexistent.h: No such file or directory
    9 | #include <ac_nonexistent.h>
      |          ^~~~~~~~~~~~~~~~~~
compilation terminated.
configure:4910: $? = 1
configure: failed program was:
| /* confdefs.h */
| #define PACKAGE_NAME ""
| #define PACKAGE_TARNAME ""
| #define PACKAGE_VERSION ""
| #define PACKAGE_STRING ""
| #define PACKAGE_BUGREPORT ""
| #define PACKAGE_URL ""
| /* end confdefs.h.  */
| #include <ac_nonexistent.h>
configure:4939: checking for grep that handles long lines and -e
configure:4997: result: /usr/bin/grep
configure:5002: checking for egrep
configure:5064: result: /usr/bin/grep -E
configure:5069: checking for ANSI C header files
configure:5089: gcc -c -g -O2  conftest.c >&5
configure:5089: $? = 0
configure:5162: gcc -o conftest -g -O2   conftest.c  >&5
configure:5162: $? = 0
configure:5162: ./conftest
configure:5162: $? = 0
configure:5173: result: yes
configure:5186: checking for sys/types.h
configure:5186: gcc -c -g -O2  conftest.c >&5
configure:5186: $? = 0
configure:5186: result: yes
configure:5186: checking for sys/stat.h
configure:5186: gcc -c -g -O2  conftest.c >&5
configure:5186: $? = 0
configure:5186: result: yes
configure:5186: checking for stdlib.h
configure:5186: gcc -c -g -O2  conftest.c >&5
configure:5186: $? = 0
configure:5186: result: yes
configure:5186: checking for string.h
configure:5186: gcc -c -g -O2  conftest.c >&5
configure:5186: $? = 0
configure:5186: result: yes
configure:5186: checking for memory.h
configure:5186: gcc -c -g -O2  conftest.c >&5
configure:5186: $? = 0
configure:5186: result: yes
configure:5186: checking for strings.h
configure:5186: gcc -c -g -O2  conftest.c >&5
configure:5186: $? = 0
configure:5186: result: yes
configure:5186: checking for inttypes.h
configure:5186: gcc -c -g -O2  conftest.c >&5
configure:5186: $? = 0
configure:5186: result: yes
configure:5186: checking for stdint.h
configure:5186: gcc -c -g -O2  conftest.c >&5
configure:5186: $? = 0
configure:5186: result: yes
configure:5186: checking for unistd.h
configure:5186: gcc -c -g -O2  conftest.c >&5
configure:5186: $? = 0
configure:5186: result: yes
configure:5198: checking for __builtin_va_list
configure:5198: gcc -c -g -O2  conftest.c >&5
configure:5198: $? = 0
configure:5198: gcc -c -g -O2  conftest.c >&5
conftest.c: In function 'main':
conftest.c:55:32: error: expected expression before ')' token
   55 | if (sizeof ((__builtin_va_list)))
      |                                ^
configure:5198: $? = 1
configure: failed program was:
| /* confdefs.h */
| #define PACKAGE_NAME ""
| #define PACKAGE_TARNAME ""
| #define PACKAGE_VERSION ""
| #define PACKAGE_STRING ""
| #define PACKAGE_BUGREPORT ""
| #define PACKAGE_URL ""
| #define STDC_HEADERS 1
| #define HAVE_SYS_TYPES_H 1
| #define HAVE_SYS_STAT_H 1
| #define HAVE_STDLIB_H 1
| #define HAVE_STRING_H 1
| #define HAVE_MEMORY_H 1
| #define HAVE_STRINGS_H 1
| #define HAVE_INTTYPES_H 1
| #define HAVE_STDINT_H 1
| #define HAVE_UNISTD_H 1
| /* end confdefs.h.  */
| #include <stdio.h>
| #ifdef HAVE_SYS_TYPES_H
| # include <sys/types.h>
| #endif
| #ifdef HAVE_SYS_STAT_H
| # include <sys/stat.h>
| #endif
| #ifdef STDC_HEADERS
| # include <stdlib.h>
| # include <stddef.h>
| #else
| # ifdef HAVE_STDLIB_H
| #  include <stdlib.h>
| # endif
| #endif
| #ifdef HAVE_STRING_H
| # if !defined STDC_HEADERS && defined HAVE_MEMORY_H
| #  include <memory.h>
| # endif
| # include <string.h>
| #endif
| #ifdef HAVE_STRINGS_H
| # include <strings.h>
| #endif
| #ifdef HAVE_INTTYPES_H
| # include <inttypes.h>
| #endif
| #ifdef HAVE_STDINT_H
| # include <stdint.h>
| #endif
| #ifdef HAVE_UNISTD_H
| # include <unistd.h>
| #endif
| int
| main ()
| {
| if (sizeof ((__builtin_va_list)))
| 	    return 0;
|   ;
|   return 0;
| }
configure:5198: result: yes
configure:5205: checking if __thread is a keyword
configure:5211: gcc -c -g -O2  conftest.c >&5
conftest.c:19:1: error: storage class specified for unnamed parameter
   19 | int main(int __thread) { return 0; }
      | ^~~
conftest.c: In function 'main':
conftest.c:19:10: error: parameter name omitted
   19 | int main(int __thread) { return 0; }
      |          ^~~~~~~~~~~~
configure:5211: $? = 1
configure: failed program was:
| /* confdefs.h */
| #define PACKAGE_NAME ""
| #define PACKAGE_TARNAME ""
| #define PACKAGE_VERSION ""
| #define PACKAGE_STRING ""
| #define PACKAGE_BUGREPORT ""
| #define PACKAGE_URL ""
| #define STDC_HEADERS 1
| #define HAVE_SYS_TYPES_H 1
| #define HAVE_SYS_STAT_H 1
| #define HAVE_STDLIB_H 1
| #define HAVE_STRING_H 1
| #define HAVE_MEMORY_H 1
| #define HAVE_STRINGS_H 1
| #define HAVE_INTTYPES_H 1
| #define HAVE_STDINT_H 1
| #define HAVE_UNISTD_H 1
| /* end confdefs.h.  */
| int main(int __thread) { return 0; }
configure:5217: result: true
configure:5222: checking if gcc adds underscores to assembly labels.
configure:5228: gcc -o conftest -g -O2   conftest.c  >&5
/usr/bin/ld: /tmp/ccvbjArz.o: in function `main':
/home/fgs/CAI/cil/conftest.c:19: undefined reference to `_main'
collect2: error: ld returned 1 exit status
configure:5228: $? = 1
configure: failed program was:
| /* confdefs.h */
| #define PACKAGE_NAME ""
| #define PACKAGE_TARNAME ""
| #define PACKAGE_VERSION ""
| #define PACKAGE_STRING ""
| #define PACKAGE_BUGREPORT ""
| #define PACKAGE_URL ""
| #define STDC_HEADERS 1
| #define HAVE_SYS_TYPES_H 1
| #define HAVE_SYS_STAT_H 1
| #define HAVE_STDLIB_H 1
| #define HAVE_STRING_H 1
| #define HAVE_MEMORY_H 1
| #define HAVE_STRINGS_H 1
| #define HAVE_INTTYPES_H 1
| #define HAVE_STDINT_H 1
| #define HAVE_UNISTD_H 1
| /* end confdefs.h.  */
| int main() { __asm__("jmp _main"); }
configure:5235: result: false
configure:5243: checking for ANSI C header files
configure:5347: result: yes
configure:5358: checking for stdlib.h
configure:5358: result: yes
configure:5358: checking for strings.h
configure:5358: result: yes
configure:5358: checking sys/time.h usability
configure:5358: gcc -c -g -O2  conftest.c >&5
configure:5358: $? = 0
configure:5358: result: yes
configure:5358: checking sys/time.h presence
configure:5358: gcc -E  conftest.c
configure:5358: $? = 0
configure:5358: result: yes
configure:5358: checking for sys/time.h
configure:5358: result: yes
configure:5358: checking for unistd.h
configure:5358: result: yes
configure:5358: checking wchar.h usability
configure:5358: gcc -c -g -O2  conftest.c >&5
configure:5358: $? = 0
configure:5358: result: yes
configure:5358: checking wchar.h presence
configure:5358: gcc -E  conftest.c
configure:5358: $? = 0
configure:5358: result: yes
configure:5358: checking for wchar.h
configure:5358: result: yes
configure:5358: checking stdbool.h usability
configure:5358: gcc -c -g -O2  conftest.c >&5
configure:5358: $? = 0
configure:5358: result: yes
configure:5358: checking stdbool.h presence
configure:5358: gcc -E  conftest.c
configure:5358: $? = 0
configure:5358: result: yes
configure:5358: checking for stdbool.h
configure:5358: result: yes
configure:5370: checking for an ANSI C-conforming const
configure:5436: gcc -c -g -O2  conftest.c >&5
configure:5436: $? = 0
configure:5443: result: yes
configure:5451: checking for inline
configure:5467: gcc -c -g -O2  conftest.c >&5
configure:5467: $? = 0
configure:5475: result: inline
configure:5493: checking whether time.h and sys/time.h may both be included
configure:5513: gcc -c -g -O2  conftest.c >&5
configure:5513: $? = 0
configure:5520: result: yes
configure:5529: checking for intptr_t
configure:5529: gcc -c -g -O2  conftest.c >&5
configure:5529: $? = 0
configure:5529: gcc -c -g -O2  conftest.c >&5
conftest.c: In function 'main':
conftest.c:63:23: error: expected expression before ')' token
   63 | if (sizeof ((intptr_t)))
      |                       ^
configure:5529: $? = 1
configure: failed program was:
| /* confdefs.h */
| #define PACKAGE_NAME ""
| #define PACKAGE_TARNAME ""
| #define PACKAGE_VERSION ""
| #define PACKAGE_STRING ""
| #define PACKAGE_BUGREPORT ""
| #define PACKAGE_URL ""
| #define STDC_HEADERS 1
| #define HAVE_SYS_TYPES_H 1
| #define HAVE_SYS_STAT_H 1
| #define HAVE_STDLIB_H 1
| #define HAVE_STRING_H 1
| #define HAVE_MEMORY_H 1
| #define HAVE_STRINGS_H 1
| #define HAVE_INTTYPES_H 1
| #define HAVE_STDINT_H 1
| #define HAVE_UNISTD_H 1
| #define STDC_HEADERS 1
| #define HAVE_STDLIB_H 1
| #define HAVE_STRINGS_H 1
| #define HAVE_SYS_TIME_H 1
| #define HAVE_UNISTD_H 1
| #define HAVE_WCHAR_H 1
| #define HAVE_STDBOOL_H 1
| #define TIME_WITH_SYS_TIME 1
| /* end confdefs.h.  */
| #include <stdio.h>
| #ifdef HAVE_SYS_TYPES_H
| # include <sys/types.h>
| #endif
| #ifdef HAVE_SYS_STAT_H
| # include <sys/stat.h>
| #endif
| #ifdef STDC_HEADERS
| # include <stdlib.h>
| # include <stddef.h>
| #else
| # ifdef HAVE_STDLIB_H
| #  include <stdlib.h>
| # endif
| #endif
| #ifdef HAVE_STRING_H
| # if !defined STDC_HEADERS && defined HAVE_MEMORY_H
| #  include <memory.h>
| # endif
| # include <string.h>
| #endif
| #ifdef HAVE_STRINGS_H
| # include <strings.h>
| #endif
| #ifdef HAVE_INTTYPES_H
| # include <inttypes.h>
| #endif
| #ifdef HAVE_STDINT_H
| # include <stdint.h>
| #endif
| #ifdef HAVE_UNISTD_H
| # include <unistd.h>
| #endif
| int
| main ()
| {
| if (sizeof ((intptr_t)))
| 	    return 0;
|   ;
|   return 0;
| }
configure:5529: result: yes
configure:5566: checking for working memcmp
configure:5609: gcc -o conftest -g -O2   conftest.c  >&5
configure:5609: $? = 0
configure:5609: ./conftest
configure:5609: $? = 0
configure:5619: result: yes
configure:5631: checking for mkdir
configure:5631: gcc -o conftest -g -O2   conftest.c  >&5
configure:5631: $? = 0
configure:5631: result: yes
configure:5631: checking for select
configure:5631: gcc -o conftest -g -O2   conftest.c  >&5
configure:5631: $? = 0
configure:5631: result: yes
configure:5631: checking for socket
configure:5631: gcc -o conftest -g -O2   conftest.c  >&5
configure:5631: $? = 0
configure:5631: result: yes
configure:5631: checking for __sysv_signal
configure:5631: gcc -o conftest -g -O2   conftest.c  >&5
configure:5631: $? = 0
configure:5631: result: yes
configure:5643: checking for real definition of size_t
configure:5660: gcc -c -g -O2  conftest.c >&5
conftest.c:39:8: error: conflicting types for 'foo'
   39 | size_t foo(size_t x) { return x; }
      |        ^~~
conftest.c:38:5: note: previous declaration of 'foo' was here
   38 | int foo(int x);
      |     ^~~
configure:5660: $? = 1
configure: failed program was:
| /* confdefs.h */
| #define PACKAGE_NAME ""
| #define PACKAGE_TARNAME ""
| #define PACKAGE_VERSION ""
| #define PACKAGE_STRING ""
| #define PACKAGE_BUGREPORT ""
| #define PACKAGE_URL ""
| #define STDC_HEADERS 1
| #define HAVE_SYS_TYPES_H 1
| #define HAVE_SYS_STAT_H 1
| #define HAVE_STDLIB_H 1
| #define HAVE_STRING_H 1
| #define HAVE_MEMORY_H 1
| #define HAVE_STRINGS_H 1
| #define HAVE_INTTYPES_H 1
| #define HAVE_STDINT_H 1
| #define HAVE_UNISTD_H 1
| #define STDC_HEADERS 1
| #define HAVE_STDLIB_H 1
| #define HAVE_STRINGS_H 1
| #define HAVE_SYS_TIME_H 1
| #define HAVE_UNISTD_H 1
| #define HAVE_WCHAR_H 1
| #define HAVE_STDBOOL_H 1
| #define TIME_WITH_SYS_TIME 1
| #define HAVE_INTPTR_T 1
| #define HAVE_MKDIR 1
| #define HAVE_SELECT 1
| #define HAVE_SOCKET 1
| #define HAVE___SYSV_SIGNAL 1
| /* end confdefs.h.  */
| 
| #include <stddef.h>
| #include <wchar.h>
| /* We define a prototype with one type and the function with
|    another type.  This will result in compilation error
|    unless the types are really identical. */
| int foo(int x);
| size_t foo(size_t x) { return x; }
configure:5679: gcc -c -g -O2  conftest.c >&5
conftest.c:39:8: error: conflicting types for 'foo'
   39 | size_t foo(size_t x) { return x; }
      |        ^~~
conftest.c:38:14: note: previous declaration of 'foo' was here
   38 | unsigned int foo(unsigned int x);
      |              ^~~
configure:5679: $? = 1
configure: failed program was:
| /* confdefs.h */
| #define PACKAGE_NAME ""
| #define PACKAGE_TARNAME ""
| #define PACKAGE_VERSION ""
| #define PACKAGE_STRING ""
| #define PACKAGE_BUGREPORT ""
| #define PACKAGE_URL ""
| #define STDC_HEADERS 1
| #define HAVE_SYS_TYPES_H 1
| #define HAVE_SYS_STAT_H 1
| #define HAVE_STDLIB_H 1
| #define HAVE_STRING_H 1
| #define HAVE_MEMORY_H 1
| #define HAVE_STRINGS_H 1
| #define HAVE_INTTYPES_H 1
| #define HAVE_STDINT_H 1
| #define HAVE_UNISTD_H 1
| #define STDC_HEADERS 1
| #define HAVE_STDLIB_H 1
| #define HAVE_STRINGS_H 1
| #define HAVE_SYS_TIME_H 1
| #define HAVE_UNISTD_H 1
| #define HAVE_WCHAR_H 1
| #define HAVE_STDBOOL_H 1
| #define TIME_WITH_SYS_TIME 1
| #define HAVE_INTPTR_T 1
| #define HAVE_MKDIR 1
| #define HAVE_SELECT 1
| #define HAVE_SOCKET 1
| #define HAVE___SYSV_SIGNAL 1
| /* end confdefs.h.  */
| 
| #include <stddef.h>
| #include <wchar.h>
| /* We define a prototype with one type and the function with
|    another type.  This will result in compilation error
|    unless the types are really identical. */
| unsigned int foo(unsigned int x);
| size_t foo(size_t x) { return x; }
configure:5700: gcc -c -g -O2  conftest.c >&5
conftest.c:39:8: error: conflicting types for 'foo'
   39 | size_t foo(size_t x) { return x; }
      |        ^~~
conftest.c:38:6: note: previous declaration of 'foo' was here
   38 | long foo(long x);
      |      ^~~
configure:5700: $? = 1
configure: failed program was:
| /* confdefs.h */
| #define PACKAGE_NAME ""
| #define PACKAGE_TARNAME ""
| #define PACKAGE_VERSION ""
| #define PACKAGE_STRING ""
| #define PACKAGE_BUGREPORT ""
| #define PACKAGE_URL ""
| #define STDC_HEADERS 1
| #define HAVE_SYS_TYPES_H 1
| #define HAVE_SYS_STAT_H 1
| #define HAVE_STDLIB_H 1
| #define HAVE_STRING_H 1
| #define HAVE_MEMORY_H 1
| #define HAVE_STRINGS_H 1
| #define HAVE_INTTYPES_H 1
| #define HAVE_STDINT_H 1
| #define HAVE_UNISTD_H 1
| #define STDC_HEADERS 1
| #define HAVE_STDLIB_H 1
| #define HAVE_STRINGS_H 1
| #define HAVE_SYS_TIME_H 1
| #define HAVE_UNISTD_H 1
| #define HAVE_WCHAR_H 1
| #define HAVE_STDBOOL_H 1
| #define TIME_WITH_SYS_TIME 1
| #define HAVE_INTPTR_T 1
| #define HAVE_MKDIR 1
| #define HAVE_SELECT 1
| #define HAVE_SOCKET 1
| #define HAVE___SYSV_SIGNAL 1
| /* end confdefs.h.  */
| 
| #include <stddef.h>
| #include <wchar.h>
| /* We define a prototype with one type and the function with
|    another type.  This will result in compilation error
|    unless the types are really identical. */
| long foo(long x);
| size_t foo(size_t x) { return x; }
configure:5719: gcc -c -g -O2  conftest.c >&5
configure:5719: $? = 0
configure:5854: result: unsigned long
configure:5858: checking for real definition of wchar_t
configure:5875: gcc -c -g -O2  conftest.c >&5
configure:5875: $? = 0
configure:6069: result: int
configure:6279: creating ./config.status

## ---------------------- ##
## Running config.status. ##
## ---------------------- ##

This file was extended by config.status, which was
generated by GNU Autoconf 2.69.  Invocation command line was

  CONFIG_FILES    = 
  CONFIG_HEADERS  = 
  CONFIG_LINKS    = 
  CONFIG_COMMANDS = 
  $ ./config.status 

on fgs

config.status:864: creating stamp-h
config.status:864: creating Makefile
config.status:864: creating config.mk
config.status:864: creating lib/perl5/App/Cilly/CilConfig.pm
config.status:864: creating src/machdep-ml.c
config.status:864: creating src/cilversion.ml
config.status:864: creating config.h
config.status:1039: config.h is unchanged

## ---------------- ##
## Cache variables. ##
## ---------------- ##

ac_cv_build=x86_64-unknown-linux-gnu
ac_cv_c_compiler_gnu=yes
ac_cv_c_const=yes
ac_cv_c_inline=inline
ac_cv_env_CC_set=
ac_cv_env_CC_value=
ac_cv_env_CFLAGS_set=
ac_cv_env_CFLAGS_value=
ac_cv_env_CPPFLAGS_set=
ac_cv_env_CPPFLAGS_value=
ac_cv_env_CPP_set=
ac_cv_env_CPP_value=
ac_cv_env_LDFLAGS_set=
ac_cv_env_LDFLAGS_value=
ac_cv_env_LIBS_set=
ac_cv_env_LIBS_value=
ac_cv_env_build_alias_set=
ac_cv_env_build_alias_value=
ac_cv_env_host_alias_set=
ac_cv_env_host_alias_value=
ac_cv_env_target_alias_set=
ac_cv_env_target_alias_value=
ac_cv_func___sysv_signal=yes
ac_cv_func_memcmp_working=yes
ac_cv_func_mkdir=yes
ac_cv_func_select=yes
ac_cv_func_socket=yes
ac_cv_header_inttypes_h=yes
ac_cv_header_memory_h=yes
ac_cv_header_stdbool_h=yes
ac_cv_header_stdc=yes
ac_cv_header_stdint_h=yes
ac_cv_header_stdlib_h=yes
ac_cv_header_string_h=yes
ac_cv_header_strings_h=yes
ac_cv_header_sys_stat_h=yes
ac_cv_header_sys_time_h=yes
ac_cv_header_sys_types_h=yes
ac_cv_header_time=yes
ac_cv_header_unistd_h=yes
ac_cv_header_wchar_h=yes
ac_cv_host=x86_64-unknown-linux-gnu
ac_cv_objext=o
ac_cv_path_EGREP='/usr/bin/grep -E'
ac_cv_path_GREP=/usr/bin/grep
ac_cv_path_install='/usr/bin/install -c'
ac_cv_prog_CPP='gcc -E'
ac_cv_prog_ac_ct_CC=gcc
ac_cv_prog_ac_ct_OCAML=ocaml
ac_cv_prog_ac_ct_OCAMLBUILD=ocamlbuild
ac_cv_prog_ac_ct_OCAMLC=ocamlc
ac_cv_prog_ac_ct_OCAMLCDOTOPT=ocamlc.opt
ac_cv_prog_ac_ct_OCAMLDEP=ocamldep
ac_cv_prog_ac_ct_OCAMLDOC=ocamldoc
ac_cv_prog_ac_ct_OCAMLFIND=ocamlfind
ac_cv_prog_ac_ct_OCAMLLEX=ocamllex
ac_cv_prog_ac_ct_OCAMLLEXDOTOPT=ocamllex.opt
ac_cv_prog_ac_ct_OCAMLMKLIB=ocamlmklib
ac_cv_prog_ac_ct_OCAMLMKTOP=ocamlmktop
ac_cv_prog_ac_ct_OCAMLOPT=ocamlopt
ac_cv_prog_ac_ct_OCAMLOPTDOTOPT=ocamlopt.opt
ac_cv_prog_ac_ct_OCAMLYACC=ocamlyacc
ac_cv_prog_ac_ct_PERL=perl
ac_cv_prog_cc_c89=
ac_cv_prog_cc_g=yes
ac_cv_target=x86_64-unknown-linux-gnu
ac_cv_type___builtin_va_list=yes
ac_cv_type_intptr_t=yes

## ----------------- ##
## Output variables. ##
## ----------------- ##

CC='gcc'
CFLAGS='-g -O2'
CIL_VERSION='1.7.3'
CIL_VERSION_MAJOR='1'
CIL_VERSION_MINOR='7'
CIL_VERSION_REV='3'
CPP='gcc -E'
CPPFLAGS=''
CYGPATH=''
DEFAULT_CIL_MODE='GNUCC'
DEFAULT_COMPILER='_GNUCC'
DEFS='-DHAVE_CONFIG_H'
ECHO_C=''
ECHO_N='-n'
ECHO_T=''
EGREP='/usr/bin/grep -E'
EMUL=''
EXEEXT=''
GREP='/usr/bin/grep'
HAS_MSVC='no'
HAVE_BUILTIN_VA_LIST='true'
INSTALL_DATA='${INSTALL} -m 644'
INSTALL_PROGRAM='${INSTALL}'
INSTALL_SCRIPT='${INSTALL}'
LDFLAGS=''
LIBOBJS=''
LIBS=''
LTLIBOBJS=''
OBJEXT='o'
OCAML='ocaml'
OCAMLBEST='opt'
OCAMLBUILD='ocamlbuild'
OCAMLC='ocamlc.opt'
OCAMLCDOTOPT='ocamlc.opt'
OCAMLDEP='ocamldep'
OCAMLDOC='ocamldoc'
OCAMLFIND='ocamlfind'
OCAMLLEX='ocamllex.opt'
OCAMLLEXDOTOPT='ocamllex.opt'
OCAMLLIB='/home/fgs/.opam/4.06.1+flambda/lib/ocaml'
OCAMLMKLIB='ocamlmklib'
OCAMLMKTOP='ocamlmktop'
OCAMLNATDYNLINK='yes'
OCAMLOPT='ocamlopt.opt'
OCAMLOPTDOTOPT='ocamlopt.opt'
OCAMLVERSION='4.06.1'
OCAMLYACC='ocamlyacc'
PACKAGE_BUGREPORT=''
PACKAGE_NAME=''
PACKAGE_STRING=''
PACKAGE_TARNAME=''
PACKAGE_URL=''
PACKAGE_VERSION=''
PATH_SEPARATOR=':'
PERL='perl'
SHELL='/bin/bash'
THREAD_IS_KEYWORD='true'
UNDERSCORE_NAME='false'
ac_ct_CC='gcc'
bindir='${exec_prefix}/bin'
build='x86_64-unknown-linux-gnu'
build_alias=''
build_cpu='x86_64'
build_os='linux-gnu'
build_vendor='unknown'
datadir='${datarootdir}'
datarootdir='${prefix}/share'
docdir='${datarootdir}/doc/${PACKAGE}'
dvidir='${docdir}'
exec_prefix='${prefix}'
host='x86_64-unknown-linux-gnu'
host_alias=''
host_cpu='x86_64'
host_os='linux-gnu'
host_vendor='unknown'
htmldir='${docdir}'
includedir='${prefix}/include'
infodir='${datarootdir}/info'
libdir='${exec_prefix}/lib'
libexecdir='${exec_prefix}/libexec'
localedir='${datarootdir}/locale'
localstatedir='${prefix}/var'
mandir='${datarootdir}/man'
oldincludedir='/usr/include'
pdfdir='${docdir}'
prefix='/usr/local'
program_transform_name='s,x,x,'
psdir='${docdir}'
sbindir='${exec_prefix}/sbin'
sharedstatedir='${prefix}/com'
sysconfdir='${prefix}/etc'
target='x86_64-unknown-linux-gnu'
target_alias=''
target_cpu='x86_64'
target_os='linux-gnu'
target_vendor='unknown'

## ----------- ##
## confdefs.h. ##
## ----------- ##

/* confdefs.h */
#define PACKAGE_NAME ""
#define PACKAGE_TARNAME ""
#define PACKAGE_VERSION ""
#define PACKAGE_STRING ""
#define PACKAGE_BUGREPORT ""
#define PACKAGE_URL ""
#define STDC_HEADERS 1
#define HAVE_SYS_TYPES_H 1
#define HAVE_SYS_STAT_H 1
#define HAVE_STDLIB_H 1
#define HAVE_STRING_H 1
#define HAVE_MEMORY_H 1
#define HAVE_STRINGS_H 1
#define HAVE_INTTYPES_H 1
#define HAVE_STDINT_H 1
#define HAVE_UNISTD_H 1
#define STDC_HEADERS 1
#define HAVE_STDLIB_H 1
#define HAVE_STRINGS_H 1
#define HAVE_SYS_TIME_H 1
#define HAVE_UNISTD_H 1
#define HAVE_WCHAR_H 1
#define HAVE_STDBOOL_H 1
#define TIME_WITH_SYS_TIME 1
#define HAVE_INTPTR_T 1
#define HAVE_MKDIR 1
#define HAVE_SELECT 1
#define HAVE_SOCKET 1
#define HAVE___SYSV_SIGNAL 1
#define TYPE_SIZE_T "unsigned long"
#define TYPE_WCHAR_T "int"

configure: exit 0
